# JRE version: OpenJDK Runtime Environment (11.0.8+10) (build 11.0.8+10-b944.6842174)
# Java VM: OpenJDK 64-Bit Server VM (11.0.8+10-b944.6842174, mixed mode, tiered, compressed oops, g1 gc, windows-amd64)
Heap:
 garbage-first heap   total 157696K, used 57715K [0x0000000080000000, 0x0000000100000000)
  region size 1024K, 32 young (32768K), 11 survivors (11264K)
 Metaspace       used 56404K, capacity 57767K, committed 57804K, reserved 1099776K
  class space    used 7190K, capacity 7675K, committed 7680K, reserved 1048576K
GC Heap History (16 events):
Event: 0.559 GC heap before
{Heap before GC invocations=0 (full 0):
 garbage-first heap   total 131072K, used 29696K [0x0000000080000000, 0x0000000100000000)
  region size 1024K, 24 young (24576K), 0 survivors (0K)
 Metaspace       used 10665K, capacity 10936K, committed 11264K, reserved 1058816K
  class space    used 1130K, capacity 1200K, committed 1280K, reserved 1048576K
}
Event: 0.563 GC heap after
{Heap after GC invocations=1 (full 0):
 garbage-first heap   total 131072K, used 8972K [0x0000000080000000, 0x0000000100000000)
  region size 1024K, 3 young (3072K), 3 survivors (3072K)
 Metaspace       used 10665K, capacity 10936K, committed 11264K, reserved 1058816K
  class space    used 1130K, capacity 1200K, committed 1280K, reserved 1048576K
}
Event: 1.676 GC heap before
{Heap before GC invocations=1 (full 0):
 garbage-first heap   total 131072K, used 82700K [0x0000000080000000, 0x0000000100000000)
  region size 1024K, 76 young (77824K), 3 survivors (3072K)
 Metaspace       used 19029K, capacity 19524K, committed 19712K, reserved 1067008K
  class space    used 2315K, capacity 2459K, committed 2560K, reserved 1048576K
}
Event: 1.681 GC heap after
{Heap after GC invocations=2 (full 0):
 garbage-first heap   total 131072K, used 15672K [0x0000000080000000, 0x0000000100000000)
  region size 1024K, 10 young (10240K), 10 survivors (10240K)
 Metaspace       used 19029K, capacity 19524K, committed 19712K, reserved 1067008K
  class space    used 2315K, capacity 2459K, committed 2560K, reserved 1048576K
}
Event: 1.805 GC heap before
{Heap before GC invocations=2 (full 0):
 garbage-first heap   total 131072K, used 25912K [0x0000000080000000, 0x0000000100000000)
  region size 1024K, 21 young (21504K), 10 survivors (10240K)
 Metaspace       used 20544K, capacity 21099K, committed 21248K, reserved 1067008K
  class space    used 2525K, capacity 2712K, committed 2816K, reserved 1048576K
}
Event: 1.810 GC heap after
{Heap after GC invocations=3 (full 0):
 garbage-first heap   total 131072K, used 16099K [0x0000000080000000, 0x0000000100000000)
  region size 1024K, 1 young (1024K), 1 survivors (1024K)
 Metaspace       used 20544K, capacity 21099K, committed 21248K, reserved 1067008K
  class space    used 2525K, capacity 2712K, committed 2816K, reserved 1048576K
}
Event: 2.387 GC heap before
{Heap before GC invocations=4 (full 0):
 garbage-first heap   total 131072K, used 70371K [0x0000000080000000, 0x0000000100000000)
  region size 1024K, 54 young (55296K), 1 survivors (1024K)
 Metaspace       used 26495K, capacity 27144K, committed 27264K, reserved 1073152K
  class space    used 3482K, capacity 3710K, committed 3712K, reserved 1048576K
}
Event: 2.390 GC heap after
{Heap after GC invocations=5 (full 0):
 garbage-first heap   total 131072K, used 18028K [0x0000000080000000, 0x0000000100000000)
  region size 1024K, 3 young (3072K), 3 survivors (3072K)
 Metaspace       used 26495K, capacity 27144K, committed 27264K, reserved 1073152K
  class space    used 3482K, capacity 3710K, committed 3712K, reserved 1048576K
}
Event: 2.952 GC heap before
{Heap before GC invocations=5 (full 0):
 garbage-first heap   total 131072K, used 64108K [0x0000000080000000, 0x0000000100000000)
  region size 1024K, 49 young (50176K), 3 survivors (3072K)
 Metaspace       used 35044K, capacity 35813K, committed 35840K, reserved 1081344K
  class space    used 4564K, capacity 4856K, committed 4864K, reserved 1048576K
}
Event: 2.958 GC heap after
{Heap after GC invocations=6 (full 0):
 garbage-first heap   total 131072K, used 21149K [0x0000000080000000, 0x0000000100000000)
  region size 1024K, 6 young (6144K), 6 survivors (6144K)
 Metaspace       used 35044K, capacity 35813K, committed 35840K, reserved 1081344K
  class space    used 4564K, capacity 4856K, committed 4864K, reserved 1048576K
}
Event: 3.592 GC heap before
{Heap before GC invocations=7 (full 0):
 garbage-first heap   total 131072K, used 86685K [0x0000000080000000, 0x0000000100000000)
  region size 1024K, 67 young (68608K), 6 survivors (6144K)
 Metaspace       used 41046K, capacity 42009K, committed 42188K, reserved 1085440K
  class space    used 5256K, capacity 5571K, committed 5632K, reserved 1048576K
}
Event: 3.600 GC heap after
{Heap after GC invocations=8 (full 0):
 garbage-first heap   total 131072K, used 24706K [0x0000000080000000, 0x0000000100000000)
  region size 1024K, 7 young (7168K), 7 survivors (7168K)
 Metaspace       used 41046K, capacity 42009K, committed 42188K, reserved 1085440K
  class space    used 5256K, capacity 5571K, committed 5632K, reserved 1048576K
}
Event: 4.298 GC heap before
{Heap before GC invocations=8 (full 0):
 garbage-first heap   total 131072K, used 87170K [0x0000000080000000, 0x0000000100000000)
  region size 1024K, 69 young (70656K), 7 survivors (7168K)
 Metaspace       used 44266K, capacity 45239K, committed 45516K, reserved 1089536K
  class space    used 5683K, capacity 6030K, committed 6144K, reserved 1048576K
}
Event: 4.306 GC heap after
{Heap after GC invocations=9 (full 0):
 garbage-first heap   total 157696K, used 28347K [0x0000000080000000, 0x0000000100000000)
  region size 1024K, 8 young (8192K), 8 survivors (8192K)
 Metaspace       used 44266K, capacity 45239K, committed 45516K, reserved 1089536K
  class space    used 5683K, capacity 6030K, committed 6144K, reserved 1048576K
}
Event: 5.443 GC heap before
{Heap before GC invocations=9 (full 0):
 garbage-first heap   total 157696K, used 107195K [0x0000000080000000, 0x0000000100000000)
  region size 1024K, 83 young (84992K), 8 survivors (8192K)
 Metaspace       used 53524K, capacity 54889K, committed 55116K, reserved 1097728K
  class space    used 6837K, capacity 7271K, committed 7296K, reserved 1048576K
}
Event: 5.452 GC heap after
{Heap after GC invocations=10 (full 0):
 garbage-first heap   total 157696K, used 38259K [0x0000000080000000, 0x0000000100000000)
  region size 1024K, 11 young (11264K), 11 survivors (11264K)
 Metaspace       used 53524K, capacity 54889K, committed 55116K, reserved 1097728K
  class space    used 6837K, capacity 7271K, committed 7296K, reserved 1048576K
}

