# JRE version: OpenJDK Runtime Environment (11.0.8+10) (build 11.0.8+10-b944.6842174)
# Java VM: OpenJDK 64-Bit Server VM (11.0.8+10-b944.6842174, mixed mode, tiered, compressed oops, g1 gc, windows-amd64)
Heap:
 garbage-first heap   total 157696K, used 44995K [0x0000000080000000, 0x0000000100000000)
  region size 1024K, 18 young (18432K), 10 survivors (10240K)
 Metaspace       used 53967K, capacity 55264K, committed 55500K, reserved 1097728K
  class space    used 6892K, capacity 7310K, committed 7424K, reserved 1048576K
GC Heap History (16 events):
Event: 0.574 GC heap before
{Heap before GC invocations=0 (full 0):
 garbage-first heap   total 131072K, used 29696K [0x0000000080000000, 0x0000000100000000)
  region size 1024K, 24 young (24576K), 0 survivors (0K)
 Metaspace       used 10669K, capacity 11000K, committed 11264K, reserved 1058816K
  class space    used 1130K, capacity 1200K, committed 1280K, reserved 1048576K
}
Event: 0.579 GC heap after
{Heap after GC invocations=1 (full 0):
 garbage-first heap   total 131072K, used 8522K [0x0000000080000000, 0x0000000100000000)
  region size 1024K, 3 young (3072K), 3 survivors (3072K)
 Metaspace       used 10669K, capacity 11000K, committed 11264K, reserved 1058816K
  class space    used 1130K, capacity 1200K, committed 1280K, reserved 1048576K
}
Event: 1.730 GC heap before
{Heap before GC invocations=1 (full 0):
 garbage-first heap   total 131072K, used 82250K [0x0000000080000000, 0x0000000100000000)
  region size 1024K, 76 young (77824K), 3 survivors (3072K)
 Metaspace       used 19021K, capacity 19524K, committed 19712K, reserved 1067008K
  class space    used 2314K, capacity 2459K, committed 2560K, reserved 1048576K
}
Event: 1.736 GC heap after
{Heap after GC invocations=2 (full 0):
 garbage-first heap   total 131072K, used 15542K [0x0000000080000000, 0x0000000100000000)
  region size 1024K, 10 young (10240K), 10 survivors (10240K)
 Metaspace       used 19021K, capacity 19524K, committed 19712K, reserved 1067008K
  class space    used 2314K, capacity 2459K, committed 2560K, reserved 1048576K
}
Event: 1.838 GC heap before
{Heap before GC invocations=2 (full 0):
 garbage-first heap   total 131072K, used 25782K [0x0000000080000000, 0x0000000100000000)
  region size 1024K, 21 young (21504K), 10 survivors (10240K)
 Metaspace       used 20545K, capacity 21099K, committed 21248K, reserved 1067008K
  class space    used 2524K, capacity 2712K, committed 2816K, reserved 1048576K
}
Event: 1.845 GC heap after
{Heap after GC invocations=3 (full 0):
 garbage-first heap   total 131072K, used 16076K [0x0000000080000000, 0x0000000100000000)
  region size 1024K, 1 young (1024K), 1 survivors (1024K)
 Metaspace       used 20545K, capacity 21099K, committed 21248K, reserved 1067008K
  class space    used 2524K, capacity 2712K, committed 2816K, reserved 1048576K
}
Event: 2.358 GC heap before
{Heap before GC invocations=4 (full 0):
 garbage-first heap   total 131072K, used 65228K [0x0000000080000000, 0x0000000100000000)
  region size 1024K, 49 young (50176K), 1 survivors (1024K)
 Metaspace       used 26082K, capacity 26729K, committed 27008K, reserved 1073152K
  class space    used 3414K, capacity 3634K, committed 3712K, reserved 1048576K
}
Event: 2.360 GC heap after
{Heap after GC invocations=5 (full 0):
 garbage-first heap   total 131072K, used 17703K [0x0000000080000000, 0x0000000100000000)
  region size 1024K, 3 young (3072K), 3 survivors (3072K)
 Metaspace       used 26082K, capacity 26729K, committed 27008K, reserved 1073152K
  class space    used 3414K, capacity 3634K, committed 3712K, reserved 1048576K
}
Event: 3.046 GC heap before
{Heap before GC invocations=5 (full 0):
 garbage-first heap   total 131072K, used 67879K [0x0000000080000000, 0x0000000100000000)
  region size 1024K, 53 young (54272K), 3 survivors (3072K)
 Metaspace       used 35029K, capacity 35813K, committed 35840K, reserved 1081344K
  class space    used 4563K, capacity 4856K, committed 4864K, reserved 1048576K
}
Event: 3.053 GC heap after
{Heap after GC invocations=6 (full 0):
 garbage-first heap   total 131072K, used 21036K [0x0000000080000000, 0x0000000100000000)
  region size 1024K, 6 young (6144K), 6 survivors (6144K)
 Metaspace       used 35029K, capacity 35813K, committed 35840K, reserved 1081344K
  class space    used 4563K, capacity 4856K, committed 4864K, reserved 1048576K
}
Event: 3.642 GC heap before
{Heap before GC invocations=7 (full 0):
 garbage-first heap   total 131072K, used 82476K [0x0000000080000000, 0x0000000100000000)
  region size 1024K, 63 young (64512K), 6 survivors (6144K)
 Metaspace       used 40712K, capacity 41645K, committed 41932K, reserved 1085440K
  class space    used 5210K, capacity 5534K, committed 5632K, reserved 1048576K
}
Event: 3.650 GC heap after
{Heap after GC invocations=8 (full 0):
 garbage-first heap   total 131072K, used 24516K [0x0000000080000000, 0x0000000100000000)
  region size 1024K, 7 young (7168K), 7 survivors (7168K)
 Metaspace       used 40712K, capacity 41645K, committed 41932K, reserved 1085440K
  class space    used 5210K, capacity 5534K, committed 5632K, reserved 1048576K
}
Event: 4.208 GC heap before
{Heap before GC invocations=8 (full 0):
 garbage-first heap   total 131072K, used 83908K [0x0000000080000000, 0x0000000100000000)
  region size 1024K, 65 young (66560K), 7 survivors (7168K)
 Metaspace       used 44135K, capacity 45214K, committed 45516K, reserved 1089536K
  class space    used 5673K, capacity 6025K, committed 6144K, reserved 1048576K
}
Event: 4.214 GC heap after
{Heap after GC invocations=9 (full 0):
 garbage-first heap   total 157696K, used 26982K [0x0000000080000000, 0x0000000100000000)
  region size 1024K, 6 young (6144K), 6 survivors (6144K)
 Metaspace       used 44135K, capacity 45214K, committed 45516K, reserved 1089536K
  class space    used 5673K, capacity 6025K, committed 6144K, reserved 1048576K
}
Event: 5.029 GC heap before
{Heap before GC invocations=9 (full 0):
 garbage-first heap   total 157696K, used 103782K [0x0000000080000000, 0x0000000100000000)
  region size 1024K, 79 young (80896K), 6 survivors (6144K)
 Metaspace       used 52942K, capacity 54280K, committed 54604K, reserved 1097728K
  class space    used 6735K, capacity 7195K, committed 7296K, reserved 1048576K
}
Event: 5.036 GC heap after
{Heap after GC invocations=10 (full 0):
 garbage-first heap   total 157696K, used 37827K [0x0000000080000000, 0x0000000100000000)
  region size 1024K, 10 young (10240K), 10 survivors (10240K)
 Metaspace       used 52942K, capacity 54280K, committed 54604K, reserved 1097728K
  class space    used 6735K, capacity 7195K, committed 7296K, reserved 1048576K
}

