# JRE version: OpenJDK Runtime Environment (11.0.8+10) (build 11.0.8+10-b944.6842174)
# Java VM: OpenJDK 64-Bit Server VM (11.0.8+10-b944.6842174, mixed mode, tiered, compressed oops, g1 gc, windows-amd64)
Heap:
 garbage-first heap   total 189440K, used 52320K [0x0000000080000000, 0x0000000100000000)
  region size 1024K, 5 young (5120K), 5 survivors (5120K)
 Metaspace       used 71370K, capacity 73017K, committed 73292K, reserved 1112064K
  class space    used 9385K, capacity 9986K, committed 10060K, reserved 1048576K
GC Heap History (20 events):
Event: 1.650 GC heap after
{Heap after GC invocations=2 (full 0):
 garbage-first heap   total 131072K, used 16025K [0x0000000080000000, 0x0000000100000000)
  region size 1024K, 10 young (10240K), 10 survivors (10240K)
 Metaspace       used 19046K, capacity 19524K, committed 19712K, reserved 1067008K
  class space    used 2315K, capacity 2459K, committed 2560K, reserved 1048576K
}
Event: 1.755 GC heap before
{Heap before GC invocations=2 (full 0):
 garbage-first heap   total 131072K, used 26265K [0x0000000080000000, 0x0000000100000000)
  region size 1024K, 21 young (21504K), 10 survivors (10240K)
 Metaspace       used 20560K, capacity 21099K, committed 21248K, reserved 1067008K
  class space    used 2524K, capacity 2712K, committed 2816K, reserved 1048576K
}
Event: 1.760 GC heap after
{Heap after GC invocations=3 (full 0):
 garbage-first heap   total 131072K, used 16303K [0x0000000080000000, 0x0000000100000000)
  region size 1024K, 1 young (1024K), 1 survivors (1024K)
 Metaspace       used 20560K, capacity 21099K, committed 21248K, reserved 1067008K
  class space    used 2524K, capacity 2712K, committed 2816K, reserved 1048576K
}
Event: 2.228 GC heap before
{Heap before GC invocations=4 (full 0):
 garbage-first heap   total 131072K, used 62383K [0x0000000080000000, 0x0000000100000000)
  region size 1024K, 46 young (47104K), 1 survivors (1024K)
 Metaspace       used 25763K, capacity 26441K, committed 26752K, reserved 1073152K
  class space    used 3362K, capacity 3602K, committed 3712K, reserved 1048576K
}
Event: 2.230 GC heap after
{Heap after GC invocations=5 (full 0):
 garbage-first heap   total 131072K, used 17830K [0x0000000080000000, 0x0000000100000000)
  region size 1024K, 3 young (3072K), 3 survivors (3072K)
 Metaspace       used 25763K, capacity 26441K, committed 26752K, reserved 1073152K
  class space    used 3362K, capacity 3602K, committed 3712K, reserved 1048576K
}
Event: 2.883 GC heap before
{Heap before GC invocations=5 (full 0):
 garbage-first heap   total 131072K, used 69030K [0x0000000080000000, 0x0000000100000000)
  region size 1024K, 53 young (54272K), 3 survivors (3072K)
 Metaspace       used 34527K, capacity 35252K, committed 35584K, reserved 1079296K
  class space    used 4485K, capacity 4775K, committed 4864K, reserved 1048576K
}
Event: 2.887 GC heap after
{Heap after GC invocations=6 (full 0):
 garbage-first heap   total 131072K, used 21027K [0x0000000080000000, 0x0000000100000000)
  region size 1024K, 6 young (6144K), 6 survivors (6144K)
 Metaspace       used 34527K, capacity 35252K, committed 35584K, reserved 1079296K
  class space    used 4485K, capacity 4775K, committed 4864K, reserved 1048576K
}
Event: 2.926 GC heap before
{Heap before GC invocations=6 (full 0):
 garbage-first heap   total 131072K, used 24099K [0x0000000080000000, 0x0000000100000000)
  region size 1024K, 10 young (10240K), 6 survivors (6144K)
 Metaspace       used 35027K, capacity 35807K, committed 35840K, reserved 1081344K
  class space    used 4560K, capacity 4854K, committed 4864K, reserved 1048576K
}
Event: 2.934 GC heap after
{Heap after GC invocations=7 (full 0):
 garbage-first heap   total 131072K, used 21500K [0x0000000080000000, 0x0000000100000000)
  region size 1024K, 4 young (4096K), 4 survivors (4096K)
 Metaspace       used 35027K, capacity 35807K, committed 35840K, reserved 1081344K
  class space    used 4560K, capacity 4854K, committed 4864K, reserved 1048576K
}
Event: 3.645 GC heap before
{Heap before GC invocations=8 (full 0):
 garbage-first heap   total 131072K, used 81916K [0x0000000080000000, 0x0000000100000000)
  region size 1024K, 60 young (61440K), 4 survivors (4096K)
 Metaspace       used 40639K, capacity 41546K, committed 41676K, reserved 1085440K
  class space    used 5196K, capacity 5501K, committed 5580K, reserved 1048576K
}
Event: 3.652 GC heap after
{Heap after GC invocations=9 (full 0):
 garbage-first heap   total 131072K, used 24455K [0x0000000080000000, 0x0000000100000000)
  region size 1024K, 7 young (7168K), 7 survivors (7168K)
 Metaspace       used 40639K, capacity 41546K, committed 41676K, reserved 1085440K
  class space    used 5196K, capacity 5501K, committed 5580K, reserved 1048576K
}
Event: 4.303 GC heap before
{Heap before GC invocations=9 (full 0):
 garbage-first heap   total 131072K, used 82823K [0x0000000080000000, 0x0000000100000000)
  region size 1024K, 65 young (66560K), 7 survivors (7168K)
 Metaspace       used 44089K, capacity 45109K, committed 45260K, reserved 1089536K
  class space    used 5670K, capacity 6054K, committed 6092K, reserved 1048576K
}
Event: 4.311 GC heap after
{Heap after GC invocations=10 (full 0):
 garbage-first heap   total 157696K, used 26788K [0x0000000080000000, 0x0000000100000000)
  region size 1024K, 6 young (6144K), 6 survivors (6144K)
 Metaspace       used 44089K, capacity 45109K, committed 45260K, reserved 1089536K
  class space    used 5670K, capacity 6054K, committed 6092K, reserved 1048576K
}
Event: 5.217 GC heap before
{Heap before GC invocations=10 (full 0):
 garbage-first heap   total 157696K, used 103588K [0x0000000080000000, 0x0000000100000000)
  region size 1024K, 79 young (80896K), 6 survivors (6144K)
 Metaspace       used 51509K, capacity 52749K, committed 52940K, reserved 1095680K
  class space    used 6591K, capacity 7011K, committed 7116K, reserved 1048576K
}
Event: 5.225 GC heap after
{Heap after GC invocations=11 (full 0):
 garbage-first heap   total 157696K, used 37610K [0x0000000080000000, 0x0000000100000000)
  region size 1024K, 10 young (10240K), 10 survivors (10240K)
 Metaspace       used 51509K, capacity 52749K, committed 52940K, reserved 1095680K
  class space    used 6591K, capacity 7011K, committed 7116K, reserved 1048576K
}
Event: 6.185 GC heap before
{Heap before GC invocations=11 (full 0):
 garbage-first heap   total 157696K, used 97002K [0x0000000080000000, 0x0000000100000000)
  region size 1024K, 68 young (69632K), 10 survivors (10240K)
 Metaspace       used 58708K, capacity 60165K, committed 60236K, reserved 1101824K
  class space    used 7446K, capacity 7951K, committed 8012K, reserved 1048576K
}
Event: 6.209 GC heap after
{Heap after GC invocations=12 (full 0):
 garbage-first heap   total 157696K, used 43318K [0x0000000080000000, 0x0000000100000000)
  region size 1024K, 6 young (6144K), 6 survivors (6144K)
 Metaspace       used 58708K, capacity 60165K, committed 60236K, reserved 1101824K
  class space    used 7446K, capacity 7951K, committed 8012K, reserved 1048576K
}
Event: 7.106 GC heap before
{Heap before GC invocations=13 (full 0):
 garbage-first heap   total 157696K, used 108854K [0x0000000080000000, 0x0000000100000000)
  region size 1024K, 70 young (71680K), 6 survivors (6144K)
 Metaspace       used 64369K, capacity 65956K, committed 66124K, reserved 1105920K
  class space    used 8383K, capacity 8914K, committed 9036K, reserved 1048576K
}
Event: 7.114 GC heap after
{Heap after GC invocations=14 (full 0):
 garbage-first heap   total 157696K, used 47989K [0x0000000080000000, 0x0000000100000000)
  region size 1024K, 6 young (6144K), 6 survivors (6144K)
 Metaspace       used 64369K, capacity 65956K, committed 66124K, reserved 1105920K
  class space    used 8383K, capacity 8914K, committed 9036K, reserved 1048576K
}
Event: 8.097 GC heap before
{Heap before GC invocations=14 (full 0):
 garbage-first heap   total 157696K, used 113525K [0x0000000080000000, 0x0000000100000000)
  region size 1024K, 70 young (71680K), 6 survivors (6144K)
 Metaspace       used 71370K, capacity 73017K, committed 73292K, reserved 1112064K
  class space    used 9385K, capacity 9986K, committed 10060K, reserved 1048576K
}

