# JRE version: OpenJDK Runtime Environment (11.0.8+10) (build 11.0.8+10-b944.6842174)
# Java VM: OpenJDK 64-Bit Server VM (11.0.8+10-b944.6842174, mixed mode, tiered, compressed oops, g1 gc, windows-amd64)
Heap:
 garbage-first heap   total 157696K, used 77905K [0x0000000080000000, 0x0000000100000000)
  region size 1024K, 12 young (12288K), 1 survivors (1024K)
 Metaspace       used 86098K, capacity 87968K, committed 88140K, reserved 1126400K
  class space    used 10914K, capacity 11587K, committed 11648K, reserved 1048576K
GC Heap History (20 events):
Event: 21.779 GC heap before
{Heap before GC invocations=17 (full 0):
 garbage-first heap   total 131072K, used 107719K [0x0000000080000000, 0x0000000100000000)
  region size 1024K, 51 young (52224K), 4 survivors (4096K)
 Metaspace       used 77050K, capacity 78981K, committed 79052K, reserved 1118208K
  class space    used 10024K, capacity 10729K, committed 10752K, reserved 1048576K
}
Event: 21.794 GC heap after
{Heap after GC invocations=18 (full 0):
 garbage-first heap   total 131072K, used 73866K [0x0000000080000000, 0x0000000100000000)
  region size 1024K, 7 young (7168K), 7 survivors (7168K)
 Metaspace       used 77050K, capacity 78981K, committed 79052K, reserved 1118208K
  class space    used 10024K, capacity 10729K, committed 10752K, reserved 1048576K
}
Event: 21.857 GC heap before
{Heap before GC invocations=18 (full 0):
 garbage-first heap   total 131072K, used 75914K [0x0000000080000000, 0x0000000100000000)
  region size 1024K, 11 young (11264K), 7 survivors (7168K)
 Metaspace       used 77074K, capacity 78981K, committed 79052K, reserved 1118208K
  class space    used 10024K, capacity 10729K, committed 10752K, reserved 1048576K
}
Event: 21.869 GC heap after
{Heap after GC invocations=19 (full 0):
 garbage-first heap   total 131072K, used 77576K [0x0000000080000000, 0x0000000100000000)
  region size 1024K, 3 young (3072K), 3 survivors (3072K)
 Metaspace       used 77074K, capacity 78981K, committed 79052K, reserved 1118208K
  class space    used 10024K, capacity 10729K, committed 10752K, reserved 1048576K
}
Event: 22.209 GC heap before
{Heap before GC invocations=20 (full 0):
 garbage-first heap   total 131072K, used 98056K [0x0000000080000000, 0x0000000100000000)
  region size 1024K, 17 young (17408K), 3 survivors (3072K)
 Metaspace       used 77114K, capacity 79001K, committed 79308K, reserved 1118208K
  class space    used 10022K, capacity 10714K, committed 10752K, reserved 1048576K
}
Event: 22.221 GC heap after
{Heap after GC invocations=21 (full 0):
 garbage-first heap   total 131072K, used 82944K [0x0000000080000000, 0x0000000100000000)
  region size 1024K, 3 young (3072K), 3 survivors (3072K)
 Metaspace       used 77114K, capacity 79001K, committed 79308K, reserved 1118208K
  class space    used 10022K, capacity 10714K, committed 10752K, reserved 1048576K
}
Event: 22.588 GC heap before
{Heap before GC invocations=22 (full 0):
 garbage-first heap   total 131072K, used 113664K [0x0000000080000000, 0x0000000100000000)
  region size 1024K, 19 young (19456K), 3 survivors (3072K)
 Metaspace       used 79171K, capacity 81028K, committed 81356K, reserved 1120256K
  class space    used 10179K, capacity 10843K, committed 11008K, reserved 1048576K
}
Event: 22.598 GC heap after
{Heap after GC invocations=23 (full 0):
 garbage-first heap   total 131072K, used 84371K [0x0000000080000000, 0x0000000100000000)
  region size 1024K, 2 young (2048K), 2 survivors (2048K)
 Metaspace       used 79171K, capacity 81028K, committed 81356K, reserved 1120256K
  class space    used 10179K, capacity 10843K, committed 11008K, reserved 1048576K
}
Event: 22.823 GC heap before
{Heap before GC invocations=23 (full 0):
 garbage-first heap   total 131072K, used 99731K [0x0000000080000000, 0x0000000100000000)
  region size 1024K, 18 young (18432K), 2 survivors (2048K)
 Metaspace       used 80785K, capacity 82693K, committed 83020K, reserved 1122304K
  class space    used 10311K, capacity 10971K, committed 11136K, reserved 1048576K
}
Event: 22.834 GC heap after
{Heap after GC invocations=24 (full 0):
 garbage-first heap   total 131072K, used 85721K [0x0000000080000000, 0x0000000100000000)
  region size 1024K, 3 young (3072K), 3 survivors (3072K)
 Metaspace       used 80785K, capacity 82693K, committed 83020K, reserved 1122304K
  class space    used 10311K, capacity 10971K, committed 11136K, reserved 1048576K
}
Event: 23.059 GC heap before
{Heap before GC invocations=25 (full 0):
 garbage-first heap   total 131072K, used 102105K [0x0000000080000000, 0x0000000100000000)
  region size 1024K, 20 young (20480K), 3 survivors (3072K)
 Metaspace       used 81271K, capacity 83160K, committed 83532K, reserved 1122304K
  class space    used 10369K, capacity 11040K, committed 11136K, reserved 1048576K
}
Event: 23.066 GC heap after
{Heap after GC invocations=26 (full 0):
 garbage-first heap   total 157696K, used 87840K [0x0000000080000000, 0x0000000100000000)
  region size 1024K, 3 young (3072K), 3 survivors (3072K)
 Metaspace       used 81271K, capacity 83160K, committed 83532K, reserved 1122304K
  class space    used 10369K, capacity 11040K, committed 11136K, reserved 1048576K
}
Event: 23.121 GC heap before
{Heap before GC invocations=26 (full 0):
 garbage-first heap   total 157696K, used 91936K [0x0000000080000000, 0x0000000100000000)
  region size 1024K, 7 young (7168K), 3 survivors (3072K)
 Metaspace       used 81432K, capacity 83288K, committed 83532K, reserved 1122304K
  class space    used 10377K, capacity 11040K, committed 11136K, reserved 1048576K
}
Event: 23.129 GC heap after
{Heap after GC invocations=27 (full 0):
 garbage-first heap   total 157696K, used 75862K [0x0000000080000000, 0x0000000100000000)
  region size 1024K, 1 young (1024K), 1 survivors (1024K)
 Metaspace       used 81432K, capacity 83288K, committed 83532K, reserved 1122304K
  class space    used 10377K, capacity 11040K, committed 11136K, reserved 1048576K
}
Event: 23.614 GC heap before
{Heap before GC invocations=27 (full 0):
 garbage-first heap   total 157696K, used 105558K [0x0000000080000000, 0x0000000100000000)
  region size 1024K, 31 young (31744K), 1 survivors (1024K)
 Metaspace       used 82531K, capacity 84461K, committed 84684K, reserved 1122304K
  class space    used 10458K, capacity 11126K, committed 11264K, reserved 1048576K
}
Event: 23.618 GC heap after
{Heap after GC invocations=28 (full 0):
 garbage-first heap   total 157696K, used 75796K [0x0000000080000000, 0x0000000100000000)
  region size 1024K, 1 young (1024K), 1 survivors (1024K)
 Metaspace       used 82531K, capacity 84461K, committed 84684K, reserved 1122304K
  class space    used 10458K, capacity 11126K, committed 11264K, reserved 1048576K
}
Event: 24.043 GC heap before
{Heap before GC invocations=29 (full 0):
 garbage-first heap   total 157696K, used 105310K [0x0000000080000000, 0x0000000100000000)
  region size 1024K, 33 young (33792K), 1 survivors (1024K)
 Metaspace       used 85567K, capacity 87473K, committed 87628K, reserved 1126400K
  class space    used 10856K, capacity 11511K, committed 11648K, reserved 1048576K
}
Event: 24.047 GC heap after
{Heap after GC invocations=30 (full 0):
 garbage-first heap   total 157696K, used 73208K [0x0000000080000000, 0x0000000100000000)
  region size 1024K, 2 young (2048K), 2 survivors (2048K)
 Metaspace       used 85567K, capacity 87473K, committed 87628K, reserved 1126400K
  class space    used 10856K, capacity 11511K, committed 11648K, reserved 1048576K
}
Event: 24.139 GC heap before
{Heap before GC invocations=30 (full 0):
 garbage-first heap   total 157696K, used 78328K [0x0000000080000000, 0x0000000100000000)
  region size 1024K, 7 young (7168K), 2 survivors (2048K)
 Metaspace       used 85748K, capacity 87665K, committed 87884K, reserved 1126400K
  class space    used 10861K, capacity 11511K, committed 11648K, reserved 1048576K
}
Event: 24.145 GC heap after
{Heap after GC invocations=31 (full 0):
 garbage-first heap   total 157696K, used 68689K [0x0000000080000000, 0x0000000100000000)
  region size 1024K, 1 young (1024K), 1 survivors (1024K)
 Metaspace       used 85748K, capacity 87665K, committed 87884K, reserved 1126400K
  class space    used 10861K, capacity 11511K, committed 11648K, reserved 1048576K
}

